2022-11-08 12:02:37,527 - INFO - client - Происходит соединение с сервером
Порт сервера: 7777
Адрес сервера: 127.0.0.1
2022-11-08 12:02:37,548 - INFO - client - Запущен клиент с параметрами:
Адрес сервера: 127.0.0.1
Порт сервера: 7777
Режим работы: send
2022-11-08 12:02:37,630 - INFO - client - Происходит соединение с сервером
Порт сервера: 7777
Адрес сервера: 127.0.0.1
2022-11-08 12:02:37,632 - INFO - client - Происходит соединение с сервером
Порт сервера: 7777
Адрес сервера: 127.0.0.1
2022-11-08 12:02:37,634 - INFO - client - Запущен клиент с параметрами:
Адрес сервера: 127.0.0.1
Порт сервера: 7777
Режим работы: listen
2022-11-08 12:02:37,636 - INFO - client - Запущен клиент с параметрами:
Адрес сервера: 127.0.0.1
Порт сервера: 7777
Режим работы: send
2022-11-08 12:02:37,637 - DEBUG - functions - Готово к отправке presence для пользователя User
2022-11-08 12:02:37,638 - DEBUG - functions - Готово к отправке presence для пользователя User
2022-11-08 12:02:37,672 - INFO - client - Происходит соединение с сервером
Порт сервера: 7777
Адрес сервера: 127.0.0.1
2022-11-08 12:02:37,676 - INFO - client - Запущен клиент с параметрами:
Адрес сервера: 127.0.0.1
Порт сервера: 7777
Режим работы: listen
2022-11-08 12:02:37,679 - DEBUG - functions - Готово к отправке presence для пользователя User
2022-11-08 12:02:37,688 - DEBUG - decorator_log - 
Отчёт о вызове функции:
Время вызова функции: Tue Nov  8 12:02:37 2022
Имя функции: jim_presence
Аргументы функции: {'action': 'presence', 'time': 1667898157.6371477, 'user': {'name': 'User'}}
Функция вызвана из функции: client_connect_func
Функция вызвана из модуля: common.functions

2022-11-08 12:02:37,688 - DEBUG - decorator_log - 
Отчёт о вызове функции:
Время вызова функции: Tue Nov  8 12:02:37 2022
Имя функции: jim_presence
Аргументы функции: {'action': 'presence', 'time': 1667898157.6381447, 'user': {'name': 'User'}}
Функция вызвана из функции: client_connect_func
Функция вызвана из модуля: common.functions

2022-11-08 12:02:37,688 - INFO - functions - Отправлено сообщение: b'{"action": "presence", "time": 1667898157.6381447, "user": {"name": "User"}}'
2022-11-08 12:02:37,688 - INFO - functions - Отправлено сообщение: b'{"action": "presence", "time": 1667898157.6371477, "user": {"name": "User"}}'
2022-11-08 12:02:37,690 - DEBUG - decorator_log - 
Отчёт о вызове функции:
Время вызова функции: Tue Nov  8 12:02:37 2022
Имя функции: send_message
Аргументы функции: None
Функция вызвана из функции: client_connect_func
Функция вызвана из модуля: common.functions

2022-11-08 12:02:37,690 - DEBUG - functions - Готово к отправке presence для пользователя User
2022-11-08 12:02:37,692 - DEBUG - decorator_log - 
Отчёт о вызове функции:
Время вызова функции: Tue Nov  8 12:02:37 2022
Имя функции: send_message
Аргументы функции: None
Функция вызвана из функции: client_connect_func
Функция вызвана из модуля: common.functions

2022-11-08 12:02:37,692 - DEBUG - functions - Готово к отправке presence для пользователя User
кции: Tue Nov  8 12:02:37 2022
Имя функции: jim_presence
Аргументы функции: {'action': 'presence', 'time': 1667898157.6901143, 'user': {'name': 'User'}}
Функция вызвана из функции: client_connect_func
Функция вызвана из модуля: common.functions

2022-11-08 12:02:37,693 - INFO - client - Отправлено сообщение:
{'action': 'presence', 'time': 1667898157.6901143, 'user': {'name': 'User'}}
2022-11-08 12:02:37,695 - DEBUG - decorator_log - 
Отчёт о вызове функции:
Время вызова функции: Tue Nov  8 12:02:37 2022
Имя функции: jim_presence
Аргументы функции: {'action': 'presence', 'time': 1667898157.6921124, 'user': {'name': 'User'}}
Функция вызвана из функции: client_connect_func
Функция вызвана из модуля: common.functions

2022-11-08 12:02:37,695 - INFO - client - Отправлено сообщение:
{'action': 'presence', 'time': 1667898157.6921124, 'user': {'name': 'User'}}
2022-11-08 12:02:37,746 - DEBUG - decorator_log - 
Отчёт о вызове функции:
Время вызова функции: Tue Nov  8 12:02:37 2022
Имя функции: jim_presence
Аргументы функции: {'action': 'presence', 'time': 1667898157.6791215, 'user': {'name': 'User'}}
Функция вызвана из функции: client_connect_func
Функция вызвана из модуля: common.functions

2022-11-08 12:02:37,746 - INFO - functions - Отправлено сообщение: b'{"action": "presence", "time": 1667898157.6791215, "user": {"name": "User"}}'
2022-11-08 12:02:37,749 - DEBUG - decorator_log - 
Отчёт о вызове функции:
Время вызова функции: Tue Nov  8 12:02:37 2022
Имя функции: send_message
Аргументы функции: None
Функция вызвана из функции: client_connect_func
Функция вызвана из модуля: common.functions

2022-11-08 12:02:37,749 - DEBUG - functions - Готово к отправке presence для пользователя User
2022-11-08 12:02:37,752 - DEBUG - decorator_log - 
Отчёт о вызове функции:
Время вызова функции: Tue Nov  8 12:02:37 2022
Имя функции: jim_presence
Аргументы функции: {'action': 'presence', 'time': 1667898157.749082, 'user': {'name': 'User'}}
Функция вызвана из функции: client_connect_func
Функция вызвана из модуля: common.functions

2022-11-08 12:02:37,752 - INFO - client - Отправлено сообщение:
{'action': 'presence', 'time': 1667898157.749082, 'user': {'name': 'User'}}
2022-11-08 12:02:38,062 - DEBUG - functions - Готово к отправке presence для пользователя User
2022-11-08 12:02:38,104 - DEBUG - decorator_log - 
Отчёт о вызове функции:
Время вызова функции: Tue Nov  8 12:02:38 2022
Имя функции: jim_presence
Аргументы функции: {'action': 'presence', 'time': 1667898158.062215, 'user': {'name': 'User'}}
Функция вызвана из функции: client_connect_func
Функция вызвана из модуля: common.functions

2022-11-08 12:02:38,104 - INFO - functions - Отправлено сообщение: b'{"response": 200}'
2022-11-08 12:02:38,105 - INFO - functions - Отправлено сообщение: b'{"action": "presence", "time": 1667898158.062215, "user": {"name": "User"}}'
2022-11-08 12:02:38,106 - DEBUG - decorator_log - 
Отчёт о вызове функции:
Время вызова функции: Tue Nov  8 12:02:38 2022
Имя функции: get_message
Аргументы функции: {'response': 200}
Функция вызвана из функции: client_connect_func
Функция вызвана из модуля: common.functions

2022-11-08 12:02:38,107 - DEBUG - decorator_log - 
Отчёт о вызове функции:
Время вызова функции: Tue Nov  8 12:02:38 2022
Имя функции: send_message
Аргументы функции: None
Функция вызвана из функции: client_connect_func
Функция вызвана из модуля: common.functions

2022-11-08 12:02:38,107 - DEBUG - functions - Проверка сообщения: {'response': 200}
2022-11-08 12:02:38,107 - DEBUG - functions - Готово к отправке presence для пользователя User
2022-11-08 12:02:38,109 - DEBUG - decorator_log - 
Отчёт о вызове функции:
Время вызова функции: Tue Nov  8 12:02:38 2022
Имя функции: check_response
Аргументы функции: 200: OK
Функция вызвана из функции: client_connect_func
Функция вызвана из модуля: common.functions

2022-11-08 12:02:38,109 - DEBUG - decorator_log - 
Отчёт о вызове функции:
Время вызова функции: Tue Nov  8 12:02:38 2022
Имя функции: jim_presence
Аргументы функции: {'action': 'presence', 'time': 1667898158.107188, 'user': {'name': 'User'}}
Функция вызвана из функции: client_connect_func
Функция вызвана из модуля: common.functions

2022-11-08 12:02:38,109 - INFO - client - Отправлено сообщение:
{'action': 'presence', 'time': 1667898158.107188, 'user': {'name': 'User'}}
2022-11-08 12:02:38,112 - INFO - functions - Отправлено сообщение: b'{"response": 200}'
2022-11-08 12:02:38,114 - DEBUG - decorator_log - 
Отчёт о вызове функции:
Время вызова функции: Tue Nov  8 12:02:38 2022
Имя функции: get_message
Аргументы функции: {'response': 200}
Функция вызвана из функции: client_connect_func
Функция вызвана из модуля: common.functions

2022-11-08 12:02:38,114 - DEBUG - functions - Проверка сообщения: {'response': 200}
2022-11-08 12:02:38,115 - DEBUG - decorator_log - 
Отчёт о вызове функции:
Время вызова функции: Tue Nov  8 12:02:38 2022
Имя функции: check_response
Аргументы функции: 200: OK
Функция вызвана из функции: client_connect_func
Функция вызвана из модуля: common.functions

2022-11-08 12:02:38,115 - INFO - client - Установлено соединение с сервером
Ответ сервера: 200: OK
2022-11-08 12:02:38,119 - INFO - functions - Отправлено сообщение: b'{"response": 200}'
2022-11-08 12:02:38,121 - DEBUG - decorator_log - 
Отчёт о вызове функции:
Время вызова функции: Tue Nov  8 12:02:38 2022
Имя функции: get_message
Аргументы функции: {'response': 200}
Функция вызвана из функции: client_connect_func
Функция вызвана из модуля: common.functions

2022-11-08 12:02:38,121 - DEBUG - functions - Проверка сообщения: {'response': 200}
2022-11-08 12:02:38,122 - DEBUG - decorator_log - 
Отчёт о вызове функции:
Время вызова функции: Tue Nov  8 12:02:38 2022
Имя функции: check_response
Аргументы функции: 200: OK
Функция вызвана из функции: client_connect_func
Функция вызвана из модуля: common.functions

2022-11-08 12:02:38,122 - INFO - client - Установлено соединение с сервером
Ответ сервера: 200: OK
2022-11-08 12:02:39,138 - INFO - functions - Отправлено сообщение: b'{"response": 200}'
2022-11-08 12:02:39,140 - DEBUG - decorator_log - 
Отчёт о вызове функции:
Время вызова функции: Tue Nov  8 12:02:39 2022
Имя функции: get_message
Аргументы функции: {'response': 200}
Функция вызвана из функции: client_connect_func
Функция вызвана из модуля: common.functions

2022-11-08 12:02:39,140 - DEBUG - functions - Проверка сообщения: {'response': 200}
2022-11-08 12:02:39,142 - DEBUG - decorator_log - 
Отчёт о вызове функции:
Время вызова функции: Tue Nov  8 12:02:39 2022
Имя функции: check_response
Аргументы функции: 200: OK
Функция вызвана из функции: client_connect_func
Функция вызвана из модуля: common.functions

2022-11-08 12:02:39,142 - INFO - client - Установлено соединение с сервером
Ответ сервера: 200: OK
2022-11-08 12:02:53,199 - DEBUG - functions - Сформировано сообщение формата JIM: {'action': 'message', 'time': 1667898173.199325, 'name': 'User', 'message_text': 'test'}
2022-11-08 12:02:53,201 - DEBUG - decorator_log - 
Отчёт о вызове функции:
Время вызова функции: Tue Nov  8 12:02:53 2022
Имя функции: create_msg
Аргументы функции: {'action': 'message', 'time': 1667898173.199325, 'name': 'User', 'message_text': 'test'}
Функция вызвана из функции: user_interaction
Функция вызвана из модуля: common.functions

2022-11-08 12:02:57,339 - INFO - functions - Отправлено сообщение: b'{"action": "exit", "time": 1667898177.339285, "name": "User"}'
2022-11-08 12:02:57,341 - DEBUG - decorator_log - 
Отчёт о вызове функции:
Время вызова функции: Tue Nov  8 12:02:57 2022
Имя функции: send_message
Аргументы функции: None
Функция вызвана из функции: user_interaction
Функция вызвана из модуля: common.functions

2022-11-08 12:02:58,348 - DEBUG - decorator_log - 
Отчёт о вызове функции:
Время вызова функции: Tue Nov  8 12:02:58 2022
Имя функции: user_interaction
Аргументы функции: None
Функция вызвана из функции: client_connect_func
Функция вызвана из модуля: common.functions

2022-11-08 12:03:01,097 - INFO - functions - Отправлено сообщение: b'{"action": "exit", "time": 1667898181.0976684, "name": "User"}'
2022-11-08 12:03:01,099 - DEBUG - decorator_log - 
Отчёт о вызове функции:
Время вызова функции: Tue Nov  8 12:03:01 2022
Имя функции: send_message
Аргументы функции: None
Функция вызвана из функции: user_interaction
Функция вызвана из модуля: common.functions

2022-11-08 12:03:02,102 - DEBUG - decorator_log - 
Отчёт о вызове функции:
Время вызова функции: Tue Nov  8 12:03:02 2022
Имя функции: user_interaction
Аргументы функции: None
Функция вызвана из функции: client_connect_func
Функция вызвана из модуля: common.functions

2022-11-08 12:05:22,100 - INFO - client - Происходит соединение с сервером
Порт сервера: 7777
Адрес сервера: 127.0.0.1
2022-11-08 12:05:22,104 - INFO - client - Запущен клиент с параметрами:
Адрес сервера: 127.0.0.1
Порт сервера: 7777
Режим работы: send
2022-11-08 12:05:22,143 - INFO - client - Происходит соединение с сервером
Порт сервера: 7777
Адрес сервера: 127.0.0.1
2022-11-08 12:05:22,143 - INFO - client - Запущен клиент с параметрами:
Адрес сервера: 127.0.0.1
Порт сервера: 7777
Режим работы: send
2022-11-08 12:05:22,143 - DEBUG - mylib - Готово к отправке presence для пользователя User
2022-11-08 12:05:22,249 - DEBUG - decorator_log - 
Отчёт о вызове функции:
Время вызова функции: Tue Nov  8 12:05:22 2022
Имя функции: jim_presence
Аргументы функции: {'action': 'presence', 'time': 1667898322.1438406, 'user': {'name': 'User'}}
Функция вызвана из функции: client_connect_func
Функция вызвана из модуля: common.mylib

2022-11-08 12:05:22,249 - INFO - mylib - Отправлено сообщение: b'{"action": "presence", "time": 1667898322.1438406, "user": {"name": "User"}}'
2022-11-08 12:05:22,251 - DEBUG - decorator_log - 
Отчёт о вызове функции:
Время вызова функции: Tue Nov  8 12:05:22 2022
Имя функции: send_message
Аргументы функции: None
Функция вызвана из функции: client_connect_func
Функция вызвана из модуля: common.mylib

2022-11-08 12:05:22,251 - DEBUG - mylib - Готово к отправке presence для пользователя User
2022-11-08 12:05:22,296 - DEBUG - decorator_log - 
Отчёт о вызове функции:
Время вызова функции: Tue Nov  8 12:05:22 2022
Имя функции: jim_presence
Аргументы функции: {'action': 'presence', 'time': 1667898322.2513072, 'user': {'name': 'User'}}
Функция вызвана из функции: client_connect_func
Функция вызвана из модуля: common.mylib

2022-11-08 12:05:22,296 - INFO - client - Отправлено сообщение:
{'action': 'presence', 'time': 1667898322.2513072, 'user': {'name': 'User'}}
2022-11-08 12:05:22,383 - INFO - client - Происходит соединение с сервером
Порт сервера: 7777
Адрес сервера: 127.0.0.1
2022-11-08 12:05:22,408 - INFO - client - Происходит соединение с сервером
Порт сервера: 7777
Адрес сервера: 127.0.0.1
2022-11-08 12:05:22,412 - INFO - client - Запущен клиент с параметрами:
Адрес сервера: 127.0.0.1
Порт сервера: 7777
Режим работы: listen
2022-11-08 12:05:22,414 - DEBUG - mylib - Готово к отправке presence для пользователя User
2022-11-08 12:05:22,442 - INFO - client - Запущен клиент с параметрами:
Адрес сервера: 127.0.0.1
Порт сервера: 7777
Режим работы: listen
2022-11-08 12:05:22,444 - DEBUG - mylib - Готово к отправке presence для пользователя User
2022-11-08 12:05:22,501 - INFO - mylib - Отправлено сообщение: b'{"response": 200}'
2022-11-08 12:05:22,503 - DEBUG - decorator_log - 
Отчёт о вызове функции:
Время вызова функции: Tue Nov  8 12:05:22 2022
Имя функции: get_message
Аргументы функции: {'response': 200}
Функция вызвана из функции: client_connect_func
Функция вызвана из модуля: common.mylib

2022-11-08 12:05:22,503 - DEBUG - mylib - Проверка сообщения: {'response': 200}
2022-11-08 12:05:22,469 - DEBUG - decorator_log - 
Отчёт о вызове функции:
Время вызова функции: Tue Nov  8 12:05:22 2022
Имя функции: jim_presence
Аргументы функции: {'action': 'presence', 'time': 1667898322.414947, 'user': {'name': 'User'}}
Функция вызвана из функции: client_connect_func
Функция вызвана из модуля: common.mylib

2022-11-08 12:05:22,506 - INFO - mylib - Отправлено сообщение: b'{"action": "presence", "time": 1667898322.414947, "user": {"name": "User"}}'
2022-11-08 12:05:22,512 - DEBUG - decorator_log - 
Отчёт о вызове функции:
Время вызова функции: Tue Nov  8 12:05:22 2022
Имя функции: check_response
Аргументы функции: 200: OK
Функция вызвана из функции: client_connect_func
Функция вызвана из модуля: common.mylib

2022-11-08 12:05:22,512 - INFO - client - Установлено соединение с сервером
Ответ сервера: 200: OK
2022-11-08 12:05:22,518 - DEBUG - decorator_log - 
Отчёт о вызове функции:
Время вызова функции: Tue Nov  8 12:05:22 2022
Имя функции: send_message
Аргументы функции: None
Функция вызвана из функции: client_connect_func
Функция вызвана из модуля: common.mylib

2022-11-08 12:05:22,519 - DEBUG - mylib - Готово к отправке presence для пользователя User
2022-11-08 12:05:22,521 - DEBUG - decorator_log - 
Отчёт о вызове функции:
Время вызова функции: Tue Nov  8 12:05:22 2022
Имя функции: jim_presence
Аргументы функции: {'action': 'presence', 'time': 1667898322.519886, 'user': {'name': 'User'}}
Функция вызвана из функции: client_connect_func
Функция вызвана из модуля: common.mylib

2022-11-08 12:05:22,521 - INFO - client - Отправлено сообщение:
{'action': 'presence', 'time': 1667898322.519886, 'user': {'name': 'User'}}
2022-11-08 12:05:22,525 - DEBUG - decorator_log - 
Отчёт о вызове функции:
Время вызова функции: Tue Nov  8 12:05:22 2022
Имя функции: get_message
Аргументы функции: {'response': 200}
Функция вызвана из функции: client_connect_func
Функция вызвана из модуля: common.mylib

2022-11-08 12:05:22,525 - DEBUG - mylib - Проверка сообщения: {'response': 200}
2022-11-08 12:05:22,527 - DEBUG - decorator_log - 
Отчёт о вызове функции:
Время вызова функции: Tue Nov  8 12:05:22 2022
Имя функции: check_response
Аргументы функции: 200: OK
Функция вызвана из функции: client_connect_func
Функция вызвана из модуля: common.mylib

2022-11-08 12:05:22,527 - INFO - client - Установлено соединение с сервером
Ответ сервера: 200: OK
2022-11-08 12:05:22,527 - INFO - mylib - Отправлено сообщение: b'{"response": 200}'
2022-11-08 12:05:22,534 - DEBUG - decorator_log - 
Отчёт о вызове функции:
Время вызова функции: Tue Nov  8 12:05:22 2022
Имя функции: jim_presence
Аргументы функции: {'action': 'presence', 'time': 1667898322.4449303, 'user': {'name': 'User'}}
Функция вызвана из функции: client_connect_func
Функция вызвана из модуля: common.mylib

2022-11-08 12:05:22,535 - INFO - mylib - Отправлено сообщение: b'{"action": "presence", "time": 1667898322.4449303, "user": {"name": "User"}}'
2022-11-08 12:05:22,538 - DEBUG - decorator_log - 
Отчёт о вызове функции:
Время вызова функции: Tue Nov  8 12:05:22 2022
Имя функции: send_message
Аргументы функции: None
Функция вызвана из функции: client_connect_func
Функция вызвана из модуля: common.mylib

2022-11-08 12:05:22,538 - DEBUG - mylib - Готово к отправке presence для пользователя User
2022-11-08 12:05:22,540 - DEBUG - decorator_log - 
Отчёт о вызове функции:
Время вызова функции: Tue Nov  8 12:05:22 2022
Имя функции: jim_presence
Аргументы функции: {'action': 'presence', 'time': 1667898322.5388765, 'user': {'name': 'User'}}
Функция вызвана из функции: client_connect_func
Функция вызвана из модуля: common.mylib

2022-11-08 12:05:22,542 - INFO - client - Отправлено сообщение:
{'action': 'presence', 'time': 1667898322.5388765, 'user': {'name': 'User'}}
2022-11-08 12:05:22,615 - DEBUG - mylib - Готово к отправке presence для пользователя User
2022-11-08 12:05:22,620 - INFO - mylib - Отправлено сообщение: b'{"response": 200}'
2022-11-08 12:05:22,622 - DEBUG - decorator_log - 
Отчёт о вызове функции:
Время вызова функции: Tue Nov  8 12:05:22 2022
Имя функции: get_message
Аргументы функции: {'response': 200}
Функция вызвана из функции: client_connect_func
Функция вызвана из модуля: common.mylib

2022-11-08 12:05:22,622 - DEBUG - mylib - Проверка сообщения: {'response': 200}
2022-11-08 12:05:22,624 - DEBUG - decorator_log - 
Отчёт о вызове функции:
Время вызова функции: Tue Nov  8 12:05:22 2022
Имя функции: check_response
Аргументы функции: 200: OK
Функция вызвана из функции: client_connect_func
Функция вызвана из модуля: common.mylib

2022-11-08 12:05:22,625 - INFO - client - Установлено соединение с сервером
Ответ сервера: 200: OK
2022-11-08 12:05:22,672 - DEBUG - decorator_log - 
Отчёт о вызове функции:
Время вызова функции: Tue Nov  8 12:05:22 2022
Имя функции: jim_presence
Аргументы функции: {'action': 'presence', 'time': 1667898322.6158335, 'user': {'name': 'User'}}
Функция вызвана из функции: client_connect_func
Функция вызвана из модуля: common.mylib

2022-11-08 12:05:22,672 - INFO - mylib - Отправлено сообщение: b'{"action": "presence", "time": 1667898322.6158335, "user": {"name": "User"}}'
2022-11-08 12:05:22,675 - DEBUG - decorator_log - 
Отчёт о вызове функции:
Время вызова функции: Tue Nov  8 12:05:22 2022
Имя функции: send_message
Аргументы функции: None
Функция вызвана из функции: client_connect_func
Функция вызвана из модуля: common.mylib

2022-11-08 12:05:22,675 - DEBUG - mylib - Готово к отправке presence для пользователя User
2022-11-08 12:05:22,677 - DEBUG - decorator_log - 
Отчёт о вызове функции:
Время вызова функции: Tue Nov  8 12:05:22 2022
Имя функции: jim_presence
Аргументы функции: {'action': 'presence', 'time': 1667898322.6757977, 'user': {'name': 'User'}}
Функция вызвана из функции: client_connect_func
Функция вызвана из модуля: common.mylib

2022-11-08 12:05:22,677 - INFO - client - Отправлено сообщение:
{'action': 'presence', 'time': 1667898322.6757977, 'user': {'name': 'User'}}
2022-11-08 12:05:23,667 - INFO - mylib - Отправлено сообщение: b'{"response": 200}'
2022-11-08 12:05:23,668 - DEBUG - decorator_log - 
Отчёт о вызове функции:
Время вызова функции: Tue Nov  8 12:05:23 2022
Имя функции: get_message
Аргументы функции: {'response': 200}
Функция вызвана из функции: client_connect_func
Функция вызвана из модуля: common.mylib

2022-11-08 12:05:23,668 - DEBUG - mylib - Проверка сообщения: {'response': 200}
2022-11-08 12:05:23,670 - DEBUG - decorator_log - 
Отчёт о вызове функции:
Время вызова функции: Tue Nov  8 12:05:23 2022
Имя функции: check_response
Аргументы функции: 200: OK
Функция вызвана из функции: client_connect_func
Функция вызвана из модуля: common.mylib

2022-11-08 12:05:23,670 - INFO - client - Установлено соединение с сервером
Ответ сервера: 200: OK
2022-11-08 12:05:36,062 - DEBUG - mylib - Сформировано сообщение формата JIM: {'action': 'message', 'time': 1667898336.0620992, 'name': 'User', 'message_text': '21342134'}
2022-11-08 12:05:36,064 - DEBUG - decorator_log - 
Отчёт о вызове функции:
Время вызова функции: Tue Nov  8 12:05:36 2022
Имя функции: create_msg
Аргументы функции: {'action': 'message', 'time': 1667898336.0620992, 'name': 'User', 'message_text': '21342134'}
Функция вызвана из функции: user_interaction
Функция вызвана из модуля: common.mylib

2022-11-08 12:05:46,412 - INFO - mylib - Отправлено сообщение: b'{"action": "exit", "time": 1667898346.4126656, "name": "User"}'
2022-11-08 12:05:46,414 - DEBUG - decorator_log - 
Отчёт о вызове функции:
Время вызова функции: Tue Nov  8 12:05:46 2022
Имя функции: send_message
Аргументы функции: None
Функция вызвана из функции: user_interaction
Функция вызвана из модуля: common.mylib

2022-11-08 12:05:47,429 - DEBUG - decorator_log - 
Отчёт о вызове функции:
Время вызова функции: Tue Nov  8 12:05:47 2022
Имя функции: user_interaction
Аргументы функции: None
Функция вызвана из функции: client_connect_func
Функция вызвана из модуля: common.mylib

2022-11-08 12:05:49,562 - INFO - mylib - Отправлено сообщение: b'{"action": "exit", "time": 1667898349.5618174, "name": "User"}'
2022-11-08 12:05:49,564 - DEBUG - decorator_log - 
Отчёт о вызове функции:
Время вызова функции: Tue Nov  8 12:05:49 2022
Имя функции: send_message
Аргументы функции: None
Функция вызвана из функции: user_interaction
Функция вызвана из модуля: common.mylib

2022-11-08 12:05:50,571 - DEBUG - decorator_log - 
Отчёт о вызове функции:
Время вызова функции: Tue Nov  8 12:05:50 2022
Имя функции: user_interaction
Аргументы функции: None
Функция вызвана из функции: client_connect_func
Функция вызвана из модуля: common.mylib

2022-11-08 12:05:54,780 - ERROR - client - Ошибка соединения с сервером: 127.0.0.1
