2022-11-08 12:02:37,502 - DEBUG - server - Происходит соединение с портом 7777
2022-11-08 12:02:37,637 - INFO - server - Установлено соединение с клиентом: ('127.0.0.1', 49899)
2022-11-08 12:02:37,638 - INFO - server - Установлено соединение с клиентом: ('127.0.0.1', 49900)
2022-11-08 12:02:37,679 - INFO - server - Установлено соединение с клиентом: ('127.0.0.1', 49901)
2022-11-08 12:02:38,062 - INFO - server - Установлено соединение с клиентом: ('127.0.0.1', 49898)
2022-11-08 12:02:38,104 - DEBUG - decorator_log - 
Отчёт о вызове функции:
Время вызова функции: Tue Nov  8 12:02:38 2022
Имя функции: get_message
Аргументы функции: {'action': 'presence', 'time': 1667898157.6371477, 'user': {'name': 'User'}}
Функция вызвана из функции: server_connect_func
Функция вызвана из модуля: common.functions

2022-11-08 12:02:38,104 - DEBUG - functions - Проверка сообщения от клиента: User
2022-11-08 12:02:38,108 - DEBUG - decorator_log - 
Отчёт о вызове функции:
Время вызова функции: Tue Nov  8 12:02:38 2022
Имя функции: send_message
Аргументы функции: None
Функция вызвана из функции: client_message
Функция вызвана из модуля: common.functions

2022-11-08 12:02:38,110 - DEBUG - decorator_log - 
Отчёт о вызове функции:
Время вызова функции: Tue Nov  8 12:02:38 2022
Имя функции: client_message
Аргументы функции: None
Функция вызвана из функции: server_connect_func
Функция вызвана из модуля: common.functions

2022-11-08 12:02:38,110 - INFO - server - Сообщение от ('127.0.0.1', 49899) принято
2022-11-08 12:02:38,112 - DEBUG - decorator_log - 
Отчёт о вызове функции:
Время вызова функции: Tue Nov  8 12:02:38 2022
Имя функции: get_message
Аргументы функции: {'action': 'presence', 'time': 1667898157.6381447, 'user': {'name': 'User'}}
Функция вызвана из функции: server_connect_func
Функция вызвана из модуля: common.functions

2022-11-08 12:02:38,112 - DEBUG - functions - Проверка сообщения от клиента: User
2022-11-08 12:02:38,115 - DEBUG - decorator_log - 
Отчёт о вызове функции:
Время вызова функции: Tue Nov  8 12:02:38 2022
Имя функции: send_message
Аргументы функции: None
Функция вызвана из функции: client_message
Функция вызвана из модуля: common.functions

2022-11-08 12:02:38,117 - DEBUG - decorator_log - 
Отчёт о вызове функции:
Время вызова функции: Tue Nov  8 12:02:38 2022
Имя функции: client_message
Аргументы функции: None
Функция вызвана из функции: server_connect_func
Функция вызвана из модуля: common.functions

2022-11-08 12:02:38,117 - INFO - server - Сообщение от ('127.0.0.1', 49900) принято
2022-11-08 12:02:38,119 - DEBUG - decorator_log - 
Отчёт о вызове функции:
Время вызова функции: Tue Nov  8 12:02:38 2022
Имя функции: get_message
Аргументы функции: {'action': 'presence', 'time': 1667898157.6791215, 'user': {'name': 'User'}}
Функция вызвана из функции: server_connect_func
Функция вызвана из модуля: common.functions

2022-11-08 12:02:38,119 - DEBUG - functions - Проверка сообщения от клиента: User
2022-11-08 12:02:38,122 - DEBUG - decorator_log - 
Отчёт о вызове функции:
Время вызова функции: Tue Nov  8 12:02:38 2022
Имя функции: send_message
Аргументы функции: None
Функция вызвана из функции: client_message
Функция вызвана из модуля: common.functions

2022-11-08 12:02:38,124 - DEBUG - decorator_log - 
Отчёт о вызове функции:
Время вызова функции: Tue Nov  8 12:02:38 2022
Имя функции: client_message
Аргументы функции: None
Функция вызвана из функции: server_connect_func
Функция вызвана из модуля: common.functions

2022-11-08 12:02:38,124 - INFO - server - Сообщение от ('127.0.0.1', 49901) принято
2022-11-08 12:02:39,138 - DEBUG - decorator_log - 
Отчёт о вызове функции:
Время вызова функции: Tue Nov  8 12:02:39 2022
Имя функции: get_message
Аргументы функции: {'action': 'presence', 'time': 1667898158.062215, 'user': {'name': 'User'}}
Функция вызвана из функции: server_connect_func
Функция вызвана из модуля: common.functions

2022-11-08 12:02:39,138 - DEBUG - functions - Проверка сообщения от клиента: User
2022-11-08 12:02:39,140 - DEBUG - decorator_log - 
Отчёт о вызове функции:
Время вызова функции: Tue Nov  8 12:02:39 2022
Имя функции: send_message
Аргументы функции: None
Функция вызвана из функции: client_message
Функция вызвана из модуля: common.functions

2022-11-08 12:02:39,141 - DEBUG - decorator_log - 
Отчёт о вызове функции:
Время вызова функции: Tue Nov  8 12:02:39 2022
Имя функции: client_message
Аргументы функции: None
Функция вызвана из функции: server_connect_func
Функция вызвана из модуля: common.functions

2022-11-08 12:02:39,141 - INFO - server - Сообщение от ('127.0.0.1', 49898) принято
2022-11-08 12:02:58,299 - DEBUG - decorator_log - 
Отчёт о вызове функции:
Время вызова функции: Tue Nov  8 12:02:58 2022
Имя функции: get_message
Аргументы функции: {'action': 'exit', 'time': 1667898177.339285, 'name': 'User'}
Функция вызвана из функции: server_connect_func
Функция вызвана из модуля: common.functions

2022-11-08 12:02:58,300 - INFO - server - ('127.0.0.1', 49900) отключился от сервера
2022-11-08 12:03:01,332 - DEBUG - decorator_log - 
Отчёт о вызове функции:
Время вызова функции: Tue Nov  8 12:03:01 2022
Имя функции: get_message
Аргументы функции: {'action': 'exit', 'time': 1667898181.0976684, 'name': 'User'}
Функция вызвана из функции: server_connect_func
Функция вызвана из модуля: common.functions

2022-11-08 12:03:01,333 - INFO - server - ('127.0.0.1', 49898) отключился от сервера
2022-11-08 12:03:09,390 - INFO - server - ('127.0.0.1', 49901) отключился от сервера
2022-11-08 12:03:10,401 - INFO - server - ('127.0.0.1', 49899) отключился от сервера
2022-11-08 12:05:22,094 - DEBUG - server - Происходит соединение с портом 7777
2022-11-08 12:05:22,143 - INFO - server - Установлено соединение с клиентом: ('127.0.0.1', 49904)
2022-11-08 12:05:22,414 - INFO - server - Установлено соединение с клиентом: ('127.0.0.1', 49905)
2022-11-08 12:05:22,500 - DEBUG - decorator_log - 
Отчёт о вызове функции:
Время вызова функции: Tue Nov  8 12:05:22 2022
Имя функции: get_message
Аргументы функции: {'action': 'presence', 'time': 1667898322.1438406, 'user': {'name': 'User'}}
Функция вызвана из функции: server_connect_func
Функция вызвана из модуля: common.mylib

2022-11-08 12:05:22,501 - DEBUG - mylib - Проверка сообщения от клиента: User
2022-11-08 12:05:22,505 - DEBUG - decorator_log - 
Отчёт о вызове функции:
Время вызова функции: Tue Nov  8 12:05:22 2022
Имя функции: send_message
Аргументы функции: None
Функция вызвана из функции: client_message
Функция вызвана из модуля: common.mylib

2022-11-08 12:05:22,514 - DEBUG - decorator_log - 
Отчёт о вызове функции:
Время вызова функции: Tue Nov  8 12:05:22 2022
Имя функции: client_message
Аргументы функции: None
Функция вызвана из функции: server_connect_func
Функция вызвана из модуля: common.mylib

2022-11-08 12:05:22,514 - INFO - server - Сообщение от ('127.0.0.1', 49904) принято
2022-11-08 12:05:22,515 - INFO - server - Установлено соединение с клиентом: ('127.0.0.1', 49906)
2022-11-08 12:05:22,522 - DEBUG - decorator_log - 
Отчёт о вызове функции:
Время вызова функции: Tue Nov  8 12:05:22 2022
Имя функции: get_message
Аргументы функции: {'action': 'presence', 'time': 1667898322.414947, 'user': {'name': 'User'}}
Функция вызвана из функции: server_connect_func
Функция вызвана из модуля: common.mylib

2022-11-08 12:05:22,522 - DEBUG - mylib - Проверка сообщения от клиента: User
2022-11-08 12:05:22,531 - DEBUG - decorator_log - 
Отчёт о вызове функции:
Время вызова функции: Tue Nov  8 12:05:22 2022
Имя функции: send_message
Аргументы функции: None
Функция вызвана из функции: client_message
Функция вызвана из модуля: common.mylib

2022-11-08 12:05:22,533 - DEBUG - decorator_log - 
Отчёт о вызове функции:
Время вызова функции: Tue Nov  8 12:05:22 2022
Имя функции: client_message
Аргументы функции: None
Функция вызвана из функции: server_connect_func
Функция вызвана из модуля: common.mylib

2022-11-08 12:05:22,533 - INFO - server - Сообщение от ('127.0.0.1', 49905) принято
2022-11-08 12:05:22,617 - INFO - server - Установлено соединение с клиентом: ('127.0.0.1', 49903)
2022-11-08 12:05:22,619 - DEBUG - decorator_log - 
Отчёт о вызове функции:
Время вызова функции: Tue Nov  8 12:05:22 2022
Имя функции: get_message
Аргументы функции: {'action': 'presence', 'time': 1667898322.4449303, 'user': {'name': 'User'}}
Функция вызвана из функции: server_connect_func
Функция вызвана из модуля: common.mylib

2022-11-08 12:05:22,619 - DEBUG - mylib - Проверка сообщения от клиента: User
2022-11-08 12:05:22,652 - DEBUG - decorator_log - 
Отчёт о вызове функции:
Время вызова функции: Tue Nov  8 12:05:22 2022
Имя функции: send_message
Аргументы функции: None
Функция вызвана из функции: client_message
Функция вызвана из модуля: common.mylib

2022-11-08 12:05:22,654 - DEBUG - decorator_log - 
Отчёт о вызове функции:
Время вызова функции: Tue Nov  8 12:05:22 2022
Имя функции: client_message
Аргументы функции: None
Функция вызвана из функции: server_connect_func
Функция вызвана из модуля: common.mylib

2022-11-08 12:05:22,654 - INFO - server - Сообщение от ('127.0.0.1', 49906) принято
2022-11-08 12:05:23,666 - DEBUG - decorator_log - 
Отчёт о вызове функции:
Время вызова функции: Tue Nov  8 12:05:23 2022
Имя функции: get_message
Аргументы функции: {'action': 'presence', 'time': 1667898322.6158335, 'user': {'name': 'User'}}
Функция вызвана из функции: server_connect_func
Функция вызвана из модуля: common.mylib

2022-11-08 12:05:23,667 - DEBUG - mylib - Проверка сообщения от клиента: User
2022-11-08 12:05:23,669 - DEBUG - decorator_log - 
Отчёт о вызове функции:
Время вызова функции: Tue Nov  8 12:05:23 2022
Имя функции: send_message
Аргументы функции: None
Функция вызвана из функции: client_message
Функция вызвана из модуля: common.mylib

2022-11-08 12:05:23,671 - DEBUG - decorator_log - 
Отчёт о вызове функции:
Время вызова функции: Tue Nov  8 12:05:23 2022
Имя функции: client_message
Аргументы функции: None
Функция вызвана из функции: server_connect_func
Функция вызвана из модуля: common.mylib

2022-11-08 12:05:23,671 - INFO - server - Сообщение от ('127.0.0.1', 49903) принято
2022-11-08 12:05:46,851 - DEBUG - decorator_log - 
Отчёт о вызове функции:
Время вызова функции: Tue Nov  8 12:05:46 2022
Имя функции: get_message
Аргументы функции: {'action': 'exit', 'time': 1667898346.4126656, 'name': 'User'}
Функция вызвана из функции: server_connect_func
Функция вызвана из модуля: common.mylib

2022-11-08 12:05:46,852 - INFO - server - ('127.0.0.1', 49903) отключился от сервера
2022-11-08 12:05:49,866 - DEBUG - decorator_log - 
Отчёт о вызове функции:
Время вызова функции: Tue Nov  8 12:05:49 2022
Имя функции: get_message
Аргументы функции: {'action': 'exit', 'time': 1667898349.5618174, 'name': 'User'}
Функция вызвана из функции: server_connect_func
Функция вызвана из модуля: common.mylib

2022-11-08 12:05:49,866 - INFO - server - ('127.0.0.1', 49904) отключился от сервера
2022-11-08 12:05:52,874 - INFO - server - ('127.0.0.1', 49906) отключился от сервера
