2022-11-10 20:49:12,047 - INFO - client - Происходит соединение с сервером
Порт сервера: 7777
Адрес сервера: 127.0.0.1
2022-11-10 20:49:12,050 - INFO - client - Происходит соединение с сервером
Порт сервера: 7777
Адрес сервера: 127.0.0.1
2022-11-10 20:49:12,052 - INFO - client - Происходит соединение с сервером
Порт сервера: 7777
Адрес сервера: 127.0.0.1
2022-11-10 20:49:12,069 - INFO - client - Происходит соединение с сервером
Порт сервера: 7777
Адрес сервера: 127.0.0.1
2022-11-10 20:49:15,618 - INFO - client - Запущен клиент с параметрами:
Адрес сервера: 127.0.0.1
Порт сервера: 7777
Имя пользователя: test1

2022-11-10 20:49:15,621 - DEBUG - mylib - Готово к отправке presence для пользователя test1
2022-11-10 20:49:15,648 - DEBUG - decorator_log - 
Отчёт о вызове функции:
Время вызова функции: Thu Nov 10 20:49:15 2022
Имя функции: jim_presence
Аргументы функции: ('test1',), {}
Функция вызвана из функции: client_connect_func
Функция вызвана из модуля: common.mylib

2022-11-10 20:49:15,649 - DEBUG - decorator_log - 
Отчёт о вызове функции:
Время вызова функции: Thu Nov 10 20:49:15 2022
Имя функции: send_message
Аргументы функции: (<socket.socket fd=452, family=AddressFamily.AF_INET, type=SocketKind.SOCK_STREAM, proto=0, laddr=('127.0.0.1', 58736), raddr=('127.0.0.1', 7777)>, {'action': 'presence', 'time': 1668102555.6210408, 'user': {'account_name': 'test1'}}), {}
Функция вызвана из функции: client_connect_func
Функция вызвана из модуля: common.mylib

2022-11-10 20:49:15,649 - DEBUG - mylib - Готово к отправке presence для пользователя test1
2022-11-10 20:49:15,650 - DEBUG - decorator_log - 
Отчёт о вызове функции:
Время вызова функции: Thu Nov 10 20:49:15 2022
Имя функции: jim_presence
Аргументы функции: ('test1',), {}
Функция вызвана из функции: client_connect_func
Функция вызвана из модуля: common.mylib

2022-11-10 20:49:15,650 - INFO - client - Отправлено сообщение:
{'action': 'presence', 'time': 1668102555.6494625, 'user': {'account_name': 'test1'}}
2022-11-10 20:49:16,150 - DEBUG - decorator_log - 
Отчёт о вызове функции:
Время вызова функции: Thu Nov 10 20:49:16 2022
Имя функции: get_message
Аргументы функции: (<socket.socket fd=452, family=AddressFamily.AF_INET, type=SocketKind.SOCK_STREAM, proto=0, laddr=('127.0.0.1', 58736), raddr=('127.0.0.1', 7777)>,), {}
Функция вызвана из функции: client_connect_func
Функция вызвана из модуля: common.mylib

2022-11-10 20:49:16,150 - DEBUG - mylib - Проверка сообщения: {'response': 200}
2022-11-10 20:49:16,151 - DEBUG - decorator_log - 
Отчёт о вызове функции:
Время вызова функции: Thu Nov 10 20:49:16 2022
Имя функции: check_response
Аргументы функции: ({'response': 200},), {}
Функция вызвана из функции: client_connect_func
Функция вызвана из модуля: common.mylib

2022-11-10 20:49:16,151 - INFO - client - Установлено соединение с сервером
Ответ сервера: 200: OK
2022-11-10 20:49:16,154 - DEBUG - client - Процессы отправки и приёма сообщений запущены
2022-11-10 20:49:19,623 - INFO - client - Запущен клиент с параметрами:
Адрес сервера: 127.0.0.1
Порт сервера: 7777
Имя пользователя: test2

2022-11-10 20:49:19,625 - DEBUG - mylib - Готово к отправке presence для пользователя test2
2022-11-10 20:49:19,652 - DEBUG - decorator_log - 
Отчёт о вызове функции:
Время вызова функции: Thu Nov 10 20:49:19 2022
Имя функции: jim_presence
Аргументы функции: ('test2',), {}
Функция вызвана из функции: client_connect_func
Функция вызвана из модуля: common.mylib

2022-11-10 20:49:19,653 - DEBUG - decorator_log - 
Отчёт о вызове функции:
Время вызова функции: Thu Nov 10 20:49:19 2022
Имя функции: send_message
Аргументы функции: (<socket.socket fd=468, family=AddressFamily.AF_INET, type=SocketKind.SOCK_STREAM, proto=0, laddr=('127.0.0.1', 58737), raddr=('127.0.0.1', 7777)>, {'action': 'presence', 'time': 1668102559.6255443, 'user': {'account_name': 'test2'}}), {}
Функция вызвана из функции: client_connect_func
Функция вызвана из модуля: common.mylib

2022-11-10 20:49:19,653 - DEBUG - mylib - Готово к отправке presence для пользователя test2
2022-11-10 20:49:19,654 - DEBUG - decorator_log - 
Отчёт о вызове функции:
Время вызова функции: Thu Nov 10 20:49:19 2022
Имя функции: jim_presence
Аргументы функции: ('test2',), {}
Функция вызвана из функции: client_connect_func
Функция вызвана из модуля: common.mylib

2022-11-10 20:49:19,654 - INFO - client - Отправлено сообщение:
{'action': 'presence', 'time': 1668102559.6535504, 'user': {'account_name': 'test2'}}
2022-11-10 20:49:20,144 - DEBUG - decorator_log - 
Отчёт о вызове функции:
Время вызова функции: Thu Nov 10 20:49:20 2022
Имя функции: get_message
Аргументы функции: (<socket.socket fd=468, family=AddressFamily.AF_INET, type=SocketKind.SOCK_STREAM, proto=0, laddr=('127.0.0.1', 58737), raddr=('127.0.0.1', 7777)>,), {}
Функция вызвана из функции: client_connect_func
Функция вызвана из модуля: common.mylib

2022-11-10 20:49:20,144 - DEBUG - mylib - Проверка сообщения: {'response': 200}
2022-11-10 20:49:20,145 - DEBUG - decorator_log - 
Отчёт о вызове функции:
Время вызова функции: Thu Nov 10 20:49:20 2022
Имя функции: check_response
Аргументы функции: ({'response': 200},), {}
Функция вызвана из функции: client_connect_func
Функция вызвана из модуля: common.mylib

2022-11-10 20:49:20,145 - INFO - client - Установлено соединение с сервером
Ответ сервера: 200: OK
2022-11-10 20:49:20,147 - DEBUG - client - Процессы отправки и приёма сообщений запущены
2022-11-10 20:49:24,034 - INFO - client - Запущен клиент с параметрами:
Адрес сервера: 127.0.0.1
Порт сервера: 7777
Имя пользователя: test3

2022-11-10 20:49:24,036 - DEBUG - mylib - Готово к отправке presence для пользователя test3
2022-11-10 20:49:24,062 - DEBUG - decorator_log - 
Отчёт о вызове функции:
Время вызова функции: Thu Nov 10 20:49:24 2022
Имя функции: jim_presence
Аргументы функции: ('test3',), {}
Функция вызвана из функции: client_connect_func
Функция вызвана из модуля: common.mylib

2022-11-10 20:49:24,063 - DEBUG - decorator_log - 
Отчёт о вызове функции:
Время вызова функции: Thu Nov 10 20:49:24 2022
Имя функции: send_message
Аргументы функции: (<socket.socket fd=472, family=AddressFamily.AF_INET, type=SocketKind.SOCK_STREAM, proto=0, laddr=('127.0.0.1', 58738), raddr=('127.0.0.1', 7777)>, {'action': 'presence', 'time': 1668102564.0361452, 'user': {'account_name': 'test3'}}), {}
Функция вызвана из функции: client_connect_func
Функция вызвана из модуля: common.mylib

2022-11-10 20:49:24,064 - DEBUG - mylib - Готово к отправке presence для пользователя test3
2022-11-10 20:49:24,064 - DEBUG - decorator_log - 
Отчёт о вызове функции:
Время вызова функции: Thu Nov 10 20:49:24 2022
Имя функции: jim_presence
Аргументы функции: ('test3',), {}
Функция вызвана из функции: client_connect_func
Функция вызвана из модуля: common.mylib

2022-11-10 20:49:24,065 - INFO - client - Отправлено сообщение:
{'action': 'presence', 'time': 1668102564.0646768, 'user': {'account_name': 'test3'}}
2022-11-10 20:49:24,544 - DEBUG - decorator_log - 
Отчёт о вызове функции:
Время вызова функции: Thu Nov 10 20:49:24 2022
Имя функции: get_message
Аргументы функции: (<socket.socket fd=472, family=AddressFamily.AF_INET, type=SocketKind.SOCK_STREAM, proto=0, laddr=('127.0.0.1', 58738), raddr=('127.0.0.1', 7777)>,), {}
Функция вызвана из функции: client_connect_func
Функция вызвана из модуля: common.mylib

2022-11-10 20:49:24,544 - DEBUG - mylib - Проверка сообщения: {'response': 200}
2022-11-10 20:49:24,545 - DEBUG - decorator_log - 
Отчёт о вызове функции:
Время вызова функции: Thu Nov 10 20:49:24 2022
Имя функции: check_response
Аргументы функции: ({'response': 200},), {}
Функция вызвана из функции: client_connect_func
Функция вызвана из модуля: common.mylib

2022-11-10 20:49:24,545 - INFO - client - Установлено соединение с сервером
Ответ сервера: 200: OK
2022-11-10 20:49:24,547 - DEBUG - client - Процессы отправки и приёма сообщений запущены
2022-11-10 20:49:32,516 - INFO - client - Запущен клиент с параметрами:
Адрес сервера: 127.0.0.1
Порт сервера: 7777
Имя пользователя: test4

2022-11-10 20:49:32,519 - DEBUG - mylib - Готово к отправке presence для пользователя test4
2022-11-10 20:49:32,545 - DEBUG - decorator_log - 
Отчёт о вызове функции:
Время вызова функции: Thu Nov 10 20:49:32 2022
Имя функции: jim_presence
Аргументы функции: ('test4',), {}
Функция вызвана из функции: client_connect_func
Функция вызвана из модуля: common.mylib

2022-11-10 20:49:32,546 - DEBUG - decorator_log - 
Отчёт о вызове функции:
Время вызова функции: Thu Nov 10 20:49:32 2022
Имя функции: send_message
Аргументы функции: (<socket.socket fd=476, family=AddressFamily.AF_INET, type=SocketKind.SOCK_STREAM, proto=0, laddr=('127.0.0.1', 58739), raddr=('127.0.0.1', 7777)>, {'action': 'presence', 'time': 1668102572.519065, 'user': {'account_name': 'test4'}}), {}
Функция вызвана из функции: client_connect_func
Функция вызвана из модуля: common.mylib

2022-11-10 20:49:32,547 - DEBUG - mylib - Готово к отправке presence для пользователя test4
2022-11-10 20:49:32,548 - DEBUG - decorator_log - 
Отчёт о вызове функции:
Время вызова функции: Thu Nov 10 20:49:32 2022
Имя функции: jim_presence
Аргументы функции: ('test4',), {}
Функция вызвана из функции: client_connect_func
Функция вызвана из модуля: common.mylib

2022-11-10 20:49:32,548 - INFO - client - Отправлено сообщение:
{'action': 'presence', 'time': 1668102572.5470483, 'user': {'account_name': 'test4'}}
2022-11-10 20:49:33,036 - DEBUG - decorator_log - 
Отчёт о вызове функции:
Время вызова функции: Thu Nov 10 20:49:33 2022
Имя функции: get_message
Аргументы функции: (<socket.socket fd=476, family=AddressFamily.AF_INET, type=SocketKind.SOCK_STREAM, proto=0, laddr=('127.0.0.1', 58739), raddr=('127.0.0.1', 7777)>,), {}
Функция вызвана из функции: client_connect_func
Функция вызвана из модуля: common.mylib

2022-11-10 20:49:33,036 - DEBUG - mylib - Проверка сообщения: {'response': 200}
2022-11-10 20:49:33,037 - DEBUG - decorator_log - 
Отчёт о вызове функции:
Время вызова функции: Thu Nov 10 20:49:33 2022
Имя функции: check_response
Аргументы функции: ({'response': 200},), {}
Функция вызвана из функции: client_connect_func
Функция вызвана из модуля: common.mylib

2022-11-10 20:49:33,037 - INFO - client - Установлено соединение с сервером
Ответ сервера: 200: OK
2022-11-10 20:49:33,039 - DEBUG - client - Процессы отправки и приёма сообщений запущены
2022-11-10 20:49:39,829 - DEBUG - mylib - Сформировано сообщение формата JIM: {'action': 'message', 'from': 'test4', 'to': 'all', 'time': 1668102579.8295422, 'msg_text': 'adsSDAD '}
2022-11-10 20:49:39,832 - DEBUG - decorator_log - 
Отчёт о вызове функции:
Время вызова функции: Thu Nov 10 20:49:39 2022
Имя функции: send_message
Аргументы функции: (<socket.socket fd=476, family=AddressFamily.AF_INET, type=SocketKind.SOCK_STREAM, proto=0, laddr=('127.0.0.1', 58739), raddr=('127.0.0.1', 7777)>, {'action': 'message', 'from': 'test4', 'to': 'all', 'time': 1668102579.8295422, 'msg_text': 'adsSDAD '}), {}
Функция вызвана из функции: create_msg
Функция вызвана из модуля: common.mylib

2022-11-10 20:49:39,832 - INFO - mylib - Для пользователя all отправлено сообщение: adsSDAD  от test4
2022-11-10 20:49:39,833 - DEBUG - decorator_log - 
Отчёт о вызове функции:
Время вызова функции: Thu Nov 10 20:49:39 2022
Имя функции: create_msg
Аргументы функции: (<socket.socket fd=476, family=AddressFamily.AF_INET, type=SocketKind.SOCK_STREAM, proto=0, laddr=('127.0.0.1', 58739), raddr=('127.0.0.1', 7777)>, 'test4'), {}
Функция вызвана из функции: user_interaction
Функция вызвана из модуля: common.mylib

