2022-11-03 20:42:00,813 - DEBUG - client - Установлены значения адреса и порта по умолчанию
2022-11-03 20:42:00,814 - INFO - client - Происходит соединение с сервером 127.0.0.1 порт 7777
2022-11-03 20:42:00,854 - DEBUG - decorator_log - 
Отчёт о вызове функции:
Время вызова функции: Thu Nov  3 20:42:00 2022
Имя функции: connect_msg
Аргументы функции: {'action': 'presence', 'time': 1667497320.8157487, 'user': {'account_name': 'Guest'}}
Функция вызвана из функции: main
Функция вызвана из модуля: __main__

2022-11-03 20:42:00,856 - DEBUG - decorator_log - 
Отчёт о вызове функции:
Время вызова функции: Thu Nov  3 20:42:00 2022
Имя функции: send_msg
Аргументы функции: None
Функция вызвана из функции: main
Функция вызвана из модуля: common.mylib

2022-11-03 20:42:00,899 - DEBUG - decorator_log - 
Отчёт о вызове функции:
Время вызова функции: Thu Nov  3 20:42:00 2022
Имя функции: get_msg
Аргументы функции: {'response': 200}
Функция вызвана из функции: main
Функция вызвана из модуля: common.mylib

2022-11-03 20:42:00,901 - DEBUG - decorator_log - 
Отчёт о вызове функции:
Время вызова функции: Thu Nov  3 20:42:00 2022
Имя функции: process_ans
Аргументы функции: 200 : OK
Функция вызвана из функции: main
Функция вызвана из модуля: __main__

2022-11-03 20:42:00,901 - DEBUG - client - Ответ сервера: 200 : OK
2022-11-03 20:42:00,903 - DEBUG - decorator_log - 
Отчёт о вызове функции:
Время вызова функции: Thu Nov  3 20:42:00 2022
Имя функции: main
Аргументы функции: None
Функция вызвана из функции: <module>
Функция вызвана из модуля: __main__

