2022-11-03 20:42:00,815 - INFO - server - Происходит подключение клиента ('127.0.0.1', 49804)
2022-11-03 20:42:00,895 - DEBUG - decorator_log - 
Отчёт о вызове функции:
Время вызова функции: Thu Nov  3 20:42:00 2022
Имя функции: get_msg
Аргументы функции: {'action': 'presence', 'time': 1667497320.8157487, 'user': {'account_name': 'Guest'}}
Функция вызвана из функции: main
Функция вызвана из модуля: common.mylib

2022-11-03 20:42:00,895 - DEBUG - server - Принятое сообщенеи от клиента {'action': 'presence', 'time': 1667497320.8157487, 'user': {'account_name': 'Guest'}}
2022-11-03 20:42:00,896 - DEBUG - decorator_log - 
Отчёт о вызове функции:
Время вызова функции: Thu Nov  3 20:42:00 2022
Имя функции: out_client_msg
Аргументы функции: {'response': 200}
Функция вызвана из функции: main
Функция вызвана из модуля: __main__

2022-11-03 20:42:00,898 - DEBUG - decorator_log - 
Отчёт о вызове функции:
Время вызова функции: Thu Nov  3 20:42:00 2022
Имя функции: send_msg
Аргументы функции: None
Функция вызвана из функции: main
Функция вызвана из модуля: common.mylib

